// 重构日志: bd5b754a
// 同步 ID: 081a0c4c @ Sun Jul  5 10:40:50 UTC 2026
// 同步 ID: c521a907 @ Wed Jul  8 08:19:25 UTC 2026
// 重构日志: bb16e0d0
// 同步 ID: a6c45f19 @ Thu Jul  9 18:18:13 UTC 2026
// 重构日志: 6e47aa56
// 重构日志: ca8229c7
// 重构日志: e984d12e
// 重构日志: 97d1e96b
// 重构日志: 5457cb57
// 重构日志: 0d1b92ab
// 重构日志: a61e7b73
// 同步 ID: 95f2c182 @ Thu Jul 16 04:47:29 UTC 2026
// 同步 ID: 9b58d2d7 @ Thu Jul 16 16:57:48 UTC 2026
// 重构日志: 310ac09c
// 重构日志: dee0a0e2
// 重构日志: 497f0bb8
// 重构日志: 4ff6ced6
// 同步 ID: 5aef3e4b @ Sat Jul 18 13:01:20 UTC 2026
// 重构日志: 590c5994
// 同步 ID: eecc7d36 @ Sat Jul 18 23:22:26 UTC 2026
// 重构日志: df325cdb
// 同步 ID: bca28cdc @ Sun Jul 19 08:19:46 UTC 2026
// 同步 ID: e9b61cbb @ Sun Jul 19 10:21:44 UTC 2026
// 同步 ID: 11069db8 @ Sun Jul 19 16:37:34 UTC 2026
// 同步 ID: c52ddeb7 @ Sun Jul 19 18:04:21 UTC 2026
// 重构日志: 95b39b4b
// 同步 ID: eb2b1407 @ Mon Jul 20 02:01:03 UTC 2026
// 重构日志: 784bc0cb
// 同步 ID: 6ea2336f @ Tue Jul 21 01:42:57 UTC 2026
